[0m00:08:20.592062 [debug] [MainThread]: Sending event: {'category': 'dbt', 'action': 'invocation', 'label': 'start', 'context': [<snowplow_tracker.self_describing_json.SelfDescribingJson object at 0x7172da63e7b0>, <snowplow_tracker.self_describing_json.SelfDescribingJson object at 0x7172daef8ef0>, <snowplow_tracker.self_describing_json.SelfDescribingJson object at 0x7172daef8b60>]}


============================== 00:08:20.595220 | abbd7dc7-6ad2-46bf-8df3-70fed4fca18d ==============================
[0m00:08:20.595220 [info ] [MainThread]: Running with dbt=1.8.2
[0m00:08:20.595827 [debug] [MainThread]: running dbt with arguments {'printer_width': '80', 'indirect_selection': 'eager', 'log_cache_events': 'False', 'write_json': 'True', 'partial_parse': 'True', 'cache_selected_only': 'False', 'profiles_dir': '/home/cyril/.dbt', 'version_check': 'True', 'warn_error': 'None', 'log_path': 'logs', 'fail_fast': 'False', 'debug': 'False', 'use_colors': 'True', 'use_experimental_parser': 'False', 'no_print': 'None', 'quiet': 'False', 'warn_error_options': 'WarnErrorOptions(include=[], exclude=[])', 'invocation_command': 'dbt debug', 'log_format': 'default', 'static_parser': 'True', 'target_path': 'None', 'introspect': 'True', 'send_anonymous_usage_stats': 'True'}
[0m00:08:20.603973 [info ] [MainThread]: dbt version: 1.8.2
[0m00:08:20.604499 [info ] [MainThread]: python version: 3.12.3
[0m00:08:20.604903 [info ] [MainThread]: python path: /home/cyril/Documents/vscode_project/dbt_bigquery/.venv/bin/python3
[0m00:08:20.605309 [info ] [MainThread]: os info: Linux-6.8.0-35-generic-x86_64-with-glibc2.39
[0m00:08:20.605714 [info ] [MainThread]: Using profiles dir at /home/cyril/.dbt
[0m00:08:20.606095 [info ] [MainThread]: Using profiles.yml file at /home/cyril/.dbt/profiles.yml
[0m00:08:20.606496 [info ] [MainThread]: Using dbt_project.yml file at /home/cyril/Documents/vscode_project/dbt_bigquery/dbt_project.yml
[0m00:08:20.606887 [info ] [MainThread]: Configuration:
[0m00:08:20.607277 [info ] [MainThread]:   profiles.yml file [[31mERROR not found[0m]
[0m00:08:20.607651 [info ] [MainThread]:   dbt_project.yml file [[31mERROR not found[0m]
[0m00:08:20.608019 [info ] [MainThread]: Required dependencies:
[0m00:08:20.608425 [debug] [MainThread]: Executing "git --help"
[0m00:08:20.613518 [debug] [MainThread]: STDOUT: "b"usage: git [-v | --version] [-h | --help] [-C <path>] [-c <name>=<value>]\n           [--exec-path[=<path>]] [--html-path] [--man-path] [--info-path]\n           [-p | --paginate | -P | --no-pager] [--no-replace-objects] [--bare]\n           [--git-dir=<path>] [--work-tree=<path>] [--namespace=<name>]\n           [--config-env=<name>=<envvar>] <command> [<args>]\n\nThese are common Git commands used in various situations:\n\nstart a working area (see also: git help tutorial)\n   clone     Clone a repository into a new directory\n   init      Create an empty Git repository or reinitialize an existing one\n\nwork on the current change (see also: git help everyday)\n   add       Add file contents to the index\n   mv        Move or rename a file, a directory, or a symlink\n   restore   Restore working tree files\n   rm        Remove files from the working tree and from the index\n\nexamine the history and state (see also: git help revisions)\n   bisect    Use binary search to find the commit that introduced a bug\n   diff      Show changes between commits, commit and working tree, etc\n   grep      Print lines matching a pattern\n   log       Show commit logs\n   show      Show various types of objects\n   status    Show the working tree status\n\ngrow, mark and tweak your common history\n   branch    List, create, or delete branches\n   commit    Record changes to the repository\n   merge     Join two or more development histories together\n   rebase    Reapply commits on top of another base tip\n   reset     Reset current HEAD to the specified state\n   switch    Switch branches\n   tag       Create, list, delete or verify a tag object signed with GPG\n\ncollaborate (see also: git help workflows)\n   fetch     Download objects and refs from another repository\n   pull      Fetch from and integrate with another repository or a local branch\n   push      Update remote refs along with associated objects\n\n'git help -a' and 'git help -g' list available subcommands and some\nconcept guides. See 'git help <command>' or 'git help <concept>'\nto read about a specific subcommand or concept.\nSee 'git help git' for an overview of the system.\n""
[0m00:08:20.614322 [debug] [MainThread]: STDERR: "b''"
[0m00:08:20.614828 [info ] [MainThread]:  - git [[32mOK found[0m]

[0m00:08:20.615299 [info ] [MainThread]: Connection test skipped since no profile was found
[0m00:08:20.615794 [info ] [MainThread]: [31m2 checks failed:[0m
[0m00:08:20.616240 [info ] [MainThread]: dbt looked for a profiles.yml file in /home/cyril/.dbt/profiles.yml, but did
not find one. For more information on configuring your profile, consult the
documentation:

https://docs.getdbt.com/docs/configure-your-profile


[0m00:08:20.616690 [info ] [MainThread]: Project loading failed for the following reason:
 project path </home/cyril/Documents/vscode_project/dbt_bigquery/dbt_project.yml> not found

[0m00:08:20.618178 [debug] [MainThread]: Resource report: {"command_name": "debug", "command_wall_clock_time": 0.07757274, "process_user_time": 1.267769, "process_kernel_time": 0.138974, "process_mem_max_rss": "86020", "process_in_blocks": "40", "process_out_blocks": "16", "command_success": false}
[0m00:08:20.618815 [debug] [MainThread]: Command `dbt debug` failed at 00:08:20.618712 after 0.08 seconds
[0m00:08:20.619281 [debug] [MainThread]: Sending event: {'category': 'dbt', 'action': 'invocation', 'label': 'end', 'context': [<snowplow_tracker.self_describing_json.SelfDescribingJson object at 0x7172da59a960>, <snowplow_tracker.self_describing_json.SelfDescribingJson object at 0x7172da417bf0>, <snowplow_tracker.self_describing_json.SelfDescribingJson object at 0x7172db082090>]}
[0m00:08:20.619757 [debug] [MainThread]: Flushing usage events
[0m00:16:38.006897 [debug] [MainThread]: Sending event: {'category': 'dbt', 'action': 'invocation', 'label': 'start', 'context': [<snowplow_tracker.self_describing_json.SelfDescribingJson object at 0x7d8b4c5e2c60>, <snowplow_tracker.self_describing_json.SelfDescribingJson object at 0x7d8b4bf005c0>, <snowplow_tracker.self_describing_json.SelfDescribingJson object at 0x7d8b4c5e2090>]}


============================== 00:16:38.010117 | b9531ff1-58e1-4167-ab22-f2f6576b0d7c ==============================
[0m00:16:38.010117 [info ] [MainThread]: Running with dbt=1.8.2
[0m00:16:38.010802 [debug] [MainThread]: running dbt with arguments {'printer_width': '80', 'indirect_selection': 'eager', 'log_cache_events': 'False', 'write_json': 'True', 'partial_parse': 'True', 'cache_selected_only': 'False', 'profiles_dir': '/home/cyril/.dbt', 'version_check': 'True', 'fail_fast': 'False', 'log_path': 'logs', 'warn_error': 'None', 'debug': 'False', 'use_colors': 'True', 'use_experimental_parser': 'False', 'no_print': 'None', 'quiet': 'False', 'warn_error_options': 'WarnErrorOptions(include=[], exclude=[])', 'invocation_command': 'dbt deps', 'log_format': 'default', 'introspect': 'True', 'target_path': 'None', 'static_parser': 'True', 'send_anonymous_usage_stats': 'True'}
[0m00:16:38.011492 [error] [MainThread]: Encountered an error:
Runtime Error
  No dbt_project.yml found at expected path /home/cyril/Documents/vscode_project/dbt_bigquery/dbt_project.yml
  Verify that each entry within packages.yml (and their transitive dependencies) contains a file named dbt_project.yml
  
[0m00:16:38.012384 [debug] [MainThread]: Resource report: {"command_name": "deps", "command_wall_clock_time": 0.05734285, "process_user_time": 1.235372, "process_kernel_time": 0.136598, "process_mem_max_rss": "85876", "process_out_blocks": "8", "command_success": false, "process_in_blocks": "0"}
[0m00:16:38.012990 [debug] [MainThread]: Command `dbt deps` failed at 00:16:38.012890 after 0.06 seconds
[0m00:16:38.013431 [debug] [MainThread]: Sending event: {'category': 'dbt', 'action': 'invocation', 'label': 'end', 'context': [<snowplow_tracker.self_describing_json.SelfDescribingJson object at 0x7d8b4ccee240>, <snowplow_tracker.self_describing_json.SelfDescribingJson object at 0x7d8b4c743e00>, <snowplow_tracker.self_describing_json.SelfDescribingJson object at 0x7d8b4c5e2180>]}
[0m00:16:38.013876 [debug] [MainThread]: Flushing usage events
